<?xml version="1.0" encoding="UTF-8"?>
<beans xmlns="http://www.springframework.org/schema/beans" 
       xmlns:xsi="http://www.w3.org/2001/XMLSchema-instance"
       xmlns:p="http://www.springframework.org/schema/p" 
       xmlns:tx="http://www.springframework.org/schema/tx"
       xmlns:context="http://www.springframework.org/schema/context"
       xmlns:jdbc="http://www.springframework.org/schema/jdbc"
       xmlns:mongo="http://www.springframework.org/schema/data/mongo"
       xmlns:util="http://www.springframework.org/schema/util"
       xsi:schemaLocation="
			http://www.springframework.org/schema/beans 
			http://www.springframework.org/schema/beans/spring-beans-3.1.xsd
			http://www.springframework.org/schema/tx 
			http://www.springframework.org/schema/tx/spring-tx-3.1.xsd
			http://www.springframework.org/schema/context
			http://www.springframework.org/schema/context/spring-context-3.1.xsd
			http://www.springframework.org/schema/jdbc 
			http://www.springframework.org/schema/jdbc/spring-jdbc-3.1.xsd
        	 http://www.springframework.org/schema/data/mongo
          http://www.springframework.org/schema/data/mongo/spring-mongo-1.0.xsd
			http://www.springframework.org/schema/util 
			http://www.springframework.org/schema/util/spring-util-3.1.xsd">
 
    <bean id="propertyConfigurer" class="org.springframework.beans.factory.config.PropertyPlaceholderConfigurer">
        <property name="locations">
            <list>
                <value>classpath:test.config.properties</value>                  
            </list>
        </property>
    </bean>

    <mongo:mongo id="mongodbconfig" host="${mongo.db.host}" port="${mongo.db.port}">
        <mongo:options
            connections-per-host="${mongo.connection.per.host}"
            threads-allowed-to-block-for-connection-multiplier="${mongo.allowed.threads}"
            connect-timeout="${mongo.connection.timeout}"
            max-wait-time="${mongo.max.wait}"
            auto-connect-retry="${mongo.auto.reconnect}"
            socket-timeout="${mongo.socket.timeout}"
            socket-keep-alive="${mongo.socket.keep.alive}" />
    </mongo:mongo>

    <bean id="mongoTemplate" class="org.springframework.data.mongodb.core.MongoTemplate">
        <constructor-arg ref="mongodbconfig" />
        <constructor-arg name="databaseName" value="${mongo.db.name}" />
    </bean>

   
    <mongo:repositories base-package="st.malike.repository" mongo-template-ref="mongoTemplate" />      
    
    <bean id="demographicService" class="st.malike.service.mongo.DemographicService" /> 
     
    <bean id="demographicSummaryService" class="st.malike.service.mongo.DemographicSummaryService" /> 
     
    <bean id="summaryCalculatorService" class="st.malike.service.mongo.SummaryCalculatorService" /> 
        
    
</beans>

