<?xml version="1.0" encoding="UTF-8"?>
<testsuite name="st.malike.service.mongo.DemographicServiceTest" time="61.027" tests="9" errors="0" skipped="8" failures="1">
  <properties>
    <property name="java.runtime.name" value="OpenJDK Runtime Environment"/>
    <property name="sun.boot.library.path" value="/usr/lib/jvm/java-7-openjdk-amd64/jre/lib/amd64"/>
    <property name="java.vm.version" value="23.7-b01"/>
    <property name="java.vm.vendor" value="Oracle Corporation"/>
    <property name="java.vendor.url" value="http://java.oracle.com/"/>
    <property name="path.separator" value=":"/>
    <property name="guice.disable.misplaced.annotation.check" value="true"/>
    <property name="java.vm.name" value="OpenJDK 64-Bit Server VM"/>
    <property name="file.encoding.pkg" value="sun.io"/>
    <property name="user.country" value="US"/>
    <property name="sun.java.launcher" value="SUN_STANDARD"/>
    <property name="sun.os.patch.level" value="unknown"/>
    <property name="test" value="st.malike.service.mongo.DemographicServiceTest"/>
    <property name="java.vm.specification.name" value="Java Virtual Machine Specification"/>
    <property name="user.dir" value="/home/dreamadmin/NetBeansProjects/LambdaLN"/>
    <property name="java.runtime.version" value="1.7.0_25-b30"/>
    <property name="java.awt.graphicsenv" value="sun.awt.X11GraphicsEnvironment"/>
    <property name="java.endorsed.dirs" value="/usr/lib/jvm/java-7-openjdk-amd64/jre/lib/endorsed"/>
    <property name="os.arch" value="amd64"/>
    <property name="java.io.tmpdir" value="/tmp"/>
    <property name="line.separator" value="&#10;"/>
    <property name="java.vm.specification.vendor" value="Oracle Corporation"/>
    <property name="os.name" value="Linux"/>
    <property name="classworlds.conf" value="/home/dreamadmin/netbeans-7.3/java/maven/bin/m2.conf"/>
    <property name="sun.jnu.encoding" value="UTF-8"/>
    <property name="java.library.path" value="/usr/lib/jvm/default-java/jre/lib/amd64:/usr/lib/jvm/default-java/jre/lib/i386::/usr/java/packages/lib/amd64:/usr/lib/jni:/lib:/usr/lib"/>
    <property name="java.specification.name" value="Java Platform API Specification"/>
    <property name="java.class.version" value="51.0"/>
    <property name="sun.management.compiler" value="HotSpot 64-Bit Tiered Compilers"/>
    <property name="os.version" value="3.8.0-27-generic"/>
    <property name="jpda.listen" value="true"/>
    <property name="jpda.address" value="54514"/>
    <property name="user.home" value="/home/dreamadmin"/>
    <property name="user.timezone" value="Africa/Accra"/>
    <property name="java.awt.printerjob" value="sun.print.PSPrinterJob"/>
    <property name="java.specification.version" value="1.7"/>
    <property name="file.encoding" value="UTF-8"/>
    <property name="java.net.useSystemProxies" value="true"/>
    <property name="user.name" value="dreamadmin"/>
    <property name="java.class.path" value="/home/dreamadmin/netbeans-7.3/java/maven/boot/plexus-classworlds-2.4.jar"/>
    <property name="maven.surefire.debug" value="-Xdebug -Xrunjdwp:transport=dt_socket,server=n,address=54514"/>
    <property name="java.vm.specification.version" value="1.7"/>
    <property name="sun.arch.data.model" value="64"/>
    <property name="java.home" value="/usr/lib/jvm/java-7-openjdk-amd64/jre"/>
    <property name="sun.java.command" value="org.codehaus.plexus.classworlds.launcher.Launcher -Dtest=st.malike.service.mongo.DemographicServiceTest -DforkMode=once -Dmaven.surefire.debug=-Xdebug -Xrunjdwp:transport=dt_socket,server=n,address=54514 -Djpda.listen=true -Djpda.address=54514 -Djava.net.useSystemProxies=true test-compile surefire:test"/>
    <property name="java.specification.vendor" value="Oracle Corporation"/>
    <property name="user.language" value="en"/>
    <property name="awt.toolkit" value="sun.awt.X11.XToolkit"/>
    <property name="java.vm.info" value="mixed mode"/>
    <property name="java.version" value="1.7.0_25"/>
    <property name="java.ext.dirs" value="/usr/lib/jvm/java-7-openjdk-amd64/jre/lib/ext:/usr/java/packages/lib/ext"/>
    <property name="securerandom.source" value="file:/dev/./urandom"/>
    <property name="sun.boot.class.path" value="/usr/lib/jvm/java-7-openjdk-amd64/jre/lib/resources.jar:/usr/lib/jvm/java-7-openjdk-amd64/jre/lib/rt.jar:/usr/lib/jvm/java-7-openjdk-amd64/jre/lib/sunrsasign.jar:/usr/lib/jvm/java-7-openjdk-amd64/jre/lib/jsse.jar:/usr/lib/jvm/java-7-openjdk-amd64/jre/lib/jce.jar:/usr/lib/jvm/java-7-openjdk-amd64/jre/lib/charsets.jar:/usr/lib/jvm/java-7-openjdk-amd64/jre/lib/netx.jar:/usr/lib/jvm/java-7-openjdk-amd64/jre/lib/plugin.jar:/usr/lib/jvm/java-7-openjdk-amd64/jre/lib/rhino.jar:/usr/lib/jvm/java-7-openjdk-amd64/jre/lib/jfr.jar:/usr/lib/jvm/java-7-openjdk-amd64/jre/classes"/>
    <property name="java.vendor" value="Oracle Corporation"/>
    <property name="maven.home" value="/home/dreamadmin/netbeans-7.3/java/maven"/>
    <property name="file.separator" value="/"/>
    <property name="java.vendor.url.bug" value="http://bugreport.sun.com/bugreport/"/>
    <property name="forkMode" value="once"/>
    <property name="sun.cpu.endian" value="little"/>
    <property name="sun.io.unicode.encoding" value="UnicodeLittle"/>
    <property name="sun.desktop" value="gnome"/>
    <property name="sun.cpu.isalist" value=""/>
  </properties>
  <testcase name="getDemographicByEvent" classname="st.malike.service.mongo.DemographicServiceTest" time="0">
    <skipped/>
    <system-out><![CDATA[270  [main] INFO  org.springframework.test.context.support.DefaultTestContextBootstrapper - Loaded default TestExecutionListener class names from location [META-INF/spring.factories]: [org.springframework.test.context.web.ServletTestExecutionListener, org.springframework.test.context.support.DependencyInjectionTestExecutionListener, org.springframework.test.context.support.DirtiesContextTestExecutionListener, org.springframework.test.context.transaction.TransactionalTestExecutionListener, org.springframework.test.context.jdbc.SqlScriptsTestExecutionListener]
287  [main] INFO  org.springframework.test.context.support.DefaultTestContextBootstrapper - Using TestExecutionListeners: [org.springframework.test.context.web.ServletTestExecutionListener@6a0f411, org.springframework.test.context.support.DependencyInjectionTestExecutionListener@30f78b7d, org.springframework.test.context.support.DirtiesContextTestExecutionListener@4be6d4a8, org.springframework.test.context.transaction.TransactionalTestExecutionListener@1f938886, org.springframework.test.context.jdbc.SqlScriptsTestExecutionListener@ee8259c]
]]></system-out>
  </testcase>
  <testcase name="getDemographicById" classname="st.malike.service.mongo.DemographicServiceTest" time="0">
    <skipped/>
  </testcase>
  <testcase name="deleteDemographic" classname="st.malike.service.mongo.DemographicServiceTest" time="0">
    <skipped/>
  </testcase>
  <testcase name="getDemographicByEventAndDate" classname="st.malike.service.mongo.DemographicServiceTest" time="0">
    <skipped/>
  </testcase>
  <testcase name="saveDemographic" classname="st.malike.service.mongo.DemographicServiceTest" time="0">
    <skipped/>
  </testcase>
  <testcase name="testMongoRiverForElasticSearch" classname="st.malike.service.mongo.DemographicServiceTest" time="61.027">
    <failure message="Values should be different. Actual: 0" type="java.lang.AssertionError">java.lang.AssertionError: Values should be different. Actual: 0
	at st.malike.service.mongo.DemographicServiceTest.testMongoRiverForElasticSearch(DemographicServiceTest.java:134)
</failure>
    <system-out><![CDATA[373  [main] INFO  org.springframework.beans.factory.xml.XmlBeanDefinitionReader - Loading XML bean definitions from class path resource [META-INF/test-mongo-config.xml]
639  [main] INFO  org.springframework.context.support.GenericApplicationContext - Refreshing org.springframework.context.support.GenericApplicationContext@5da1fbed: startup date [Mon Dec 29 18:19:39 GMT 2014]; root of context hierarchy
742  [main] INFO  org.springframework.beans.factory.config.PropertyPlaceholderConfigurer - Loading properties file from class path resource [test.config.properties]
1205 [main] INFO  uk.co.jemos.podam.api.PodamFactoryImpl - We could create an instance with constructor: public st.malike.model.Demographic()
1206 [main] WARN  uk.co.jemos.podam.api.PodamFactoryImpl - The setter: setId is not accessible.Setting it to accessible. However this is a security hack and your code should really adhere to Javabean standards.
1208 [main] INFO  uk.co.jemos.podam.api.PodamFactoryImpl - For class: java.util.Date a valid constructor: public java.util.Date() was found. PODAM will use it to create an instance.
1208 [main] WARN  uk.co.jemos.podam.api.PodamFactoryImpl - The setter: setDateCreated is not accessible.Setting it to accessible. However this is a security hack and your code should really adhere to Javabean standards.
1208 [main] WARN  uk.co.jemos.podam.api.PodamFactoryImpl - The setter: setEvent is not accessible.Setting it to accessible. However this is a security hack and your code should really adhere to Javabean standards.
7115 [main] INFO  org.elasticsearch.node - [Cody Mushumanski Gun Man] version[1.3.1], pid[18071], build[2de6dc5/2014-07-28T14:45:15Z]
7115 [main] INFO  org.elasticsearch.node - [Cody Mushumanski Gun Man] initializing ...
7128 [main] INFO  org.elasticsearch.plugins - [Cody Mushumanski Gun Man] loaded [], sites []
15802 [main] INFO  org.elasticsearch.node - [Cody Mushumanski Gun Man] initialized
15802 [main] INFO  org.elasticsearch.node - [Cody Mushumanski Gun Man] starting ...
16331 [main] INFO  org.elasticsearch.transport - [Cody Mushumanski Gun Man] bound_address {inet[/0:0:0:0:0:0:0:0:9301]}, publish_address {inet[/192.168.0.182:9301]}
16378 [main] INFO  org.elasticsearch.discovery - [Cody Mushumanski Gun Man] elasticsearch/MVc0REnSRSyneJir99tx2A
19434 [elasticsearch[Cody Mushumanski Gun Man][clusterService#updateTask][T#1]] INFO  org.elasticsearch.cluster.service - [Cody Mushumanski Gun Man] detected_master [Scorpion][hF2-ACLxS4qfqfP1NEtIlw][do-enr-pc-6][inet[/192.168.0.182:9300]], added {[Scorpion][hF2-ACLxS4qfqfP1NEtIlw][do-enr-pc-6][inet[/192.168.0.182:9300]],}, reason: zen-disco-receive(from master [[Scorpion][hF2-ACLxS4qfqfP1NEtIlw][do-enr-pc-6][inet[/192.168.0.182:9300]]])
19481 [elasticsearch[Cody Mushumanski Gun Man][clusterService#updateTask][T#1]] INFO  org.elasticsearch.gateway.local.state.meta - [Cody Mushumanski Gun Man] [elas] dangling index, exists on local file system, but not in cluster metadata, scheduling to delete in [2h], auto import to cluster state [YES]
19630 [main] INFO  org.elasticsearch.http - [Cody Mushumanski Gun Man] bound_address {inet[/0:0:0:0:0:0:0:0:9201]}, publish_address {inet[/192.168.0.182:9201]}
19633 [main] INFO  org.elasticsearch.node - [Cody Mushumanski Gun Man] started
]]></system-out>
  </testcase>
  <testcase name="saveDemographicList" classname="st.malike.service.mongo.DemographicServiceTest" time="0">
    <skipped/>
  </testcase>
  <testcase name="getDemographicWithNullResult" classname="st.malike.service.mongo.DemographicServiceTest" time="0">
    <skipped/>
  </testcase>
  <testcase name="getDemographicByDate" classname="st.malike.service.mongo.DemographicServiceTest" time="0">
    <skipped/>
  </testcase>
</testsuite>